<?xml version="1.0" encoding="UTF-8"?>
<!-- Generated by org.testng.reporters.JUnitReportReporter -->
<testsuite hostname="LAPTOP-PBBKU92M" name="runner.RunCuke" tests="1" failures="0" timestamp="12 Nov 2019 16:37:46 GMT" time="47.516" errors="0">
  <testcase name="feature" time="47.516" classname="runner.RunCuke"/>
</testsuite> <!-- runner.RunCuke -->
